Arguments: 
  /home/jkilroy/.config/versions/node/v10.15.3/bin/node /usr/share/yarn/bin/yarn.js install --no-lockfile --ignore-engines

PATH: 
  /home/jkilroy/ember-cli-clipboard/node_modules/.bin:/home/jkilroy/node_modules/.bin:/home/node_modules/.bin:/node_modules/.bin:/home/jkilroy/.config/versions/node/v10.15.3/bin:/home/jkilroy/.swiftenv/bin:/home/jkilroy/.config/versions/node/v10.15.3/bin:/usr/local/bin:/usr/bin:/bin:/usr/sbin:/sbin:/opt/X11/bin:/usr/X11/bin:/home/jkilroy/dev/lib/play-2.2.0:/home/jkilroy/.swiftenv/bin:/home/jkilroy/.config/versions/node/v10.15.3/bin:/usr/local/bin:/usr/bin:/bin:/usr/sbin:/sbin:/opt/X11/bin:/usr/X11/bin:/home/jkilroy/dev/lib/play-2.2.0:/usr/local/sbin:/usr/local/bin:/usr/local/games:/usr/sbin:/usr/bin:/usr/games:/sbin:/bin

Yarn version: 
  1.16.0

Node version: 
  10.15.3

Platform: 
  linux x64

Trace: 
  Error: read ECONNRESET
      at TLSWrap.onStreamRead (internal/stream_base_commons.js:111:27)

npm manifest: 
  {
    "name": "ember-cli-clipboard",
    "version": "0.12.0",
    "description": "Clipboard.js button component",
    "scripts": {
      "build": "ember build",
      "lint:hbs": "ember-template-lint .",
      "lint:js": "eslint .",
      "start": "ember serve",
      "test": "ember test",
      "test:all": "ember try:each"
    },
    "devDependencies": {
      "@ember/optional-features": "^0.7.0",
      "broccoli-asset-rev": "^3.0.0",
      "ember-angle-bracket-invocation-polyfill": "^1.3.1",
      "ember-auto-import": "^1.2.12",
      "ember-cli": "~3.10.1",
      "ember-cli-dependency-checker": "^3.1.0",
      "ember-cli-eslint": "^5.1.0",
      "ember-cli-fastboot": "^2.0.4",
      "ember-cli-flash": "^1.4.2",
      "ember-cli-github-pages": "^0.2.1",
      "ember-cli-htmlbars-inline-precompile": "^2.1.0",
      "ember-cli-inject-live-reload": "^1.8.2",
      "ember-cli-sass": "^10.0.1",
      "ember-cli-sri": "^2.1.1",
      "ember-cli-template-lint": "^1.0.0-beta.1",
      "ember-cli-uglify": "^2.1.0",
      "ember-composable-helpers": "^2.3.1",
      "ember-disable-prototype-extensions": "^1.1.3",
      "ember-export-application-global": "^2.0.0",
      "ember-load-initializers": "^2.0.0",
      "ember-maybe-import-regenerator": "^0.1.6",
      "ember-named-arguments-polyfill": "^1.0.0",
      "ember-qunit": "^4.4.1",
      "ember-resolver": "^5.0.1",
      "ember-source": "~2.18.0",
      "ember-source-channel-url": "^1.1.0",
      "ember-try": "^1.0.0",
      "eslint-plugin-ember": "^6.2.0",
      "eslint-plugin-node": "^9.0.1",
      "highlight.js": "^9.12.0",
      "husky": "^2.3.0",
      "loader.js": "^4.7.0",
      "prettier": "^1.16.4",
      "pretty-quick": "^1.10.0",
      "qunit-dom": "^0.8.4",
      "sass": "^1.22.1",
      "uuid": "^3.3.2",
      "@ember/jquery": "^0.5.1"
    },
    "dependencies": {
      "broccoli-funnel": "^1.1.0",
      "clipboard": "^2.0.0",
      "ember-cli-babel": "^7.7.3",
      "ember-cli-htmlbars": "^3.0.1",
      "fastboot-transform": "^0.1.3"
    },
    "keywords": [
      "ember-addon",
      "ember-cli",
      "clipboard"
    ],
    "repository": "https://github.com/jkusa/ember-cli-clipboard.git",
    "license": "MIT",
    "author": "Jon Kilroy <jkusa7@gmail.com>",
    "directories": {
      "doc": "doc",
      "test": "tests"
    },
    "engines": {
      "node": "8.* || >= 10.*"
    },
    "ember-addon": {
      "configPath": "tests/dummy/config",
      "demoURL": "http://jkusa.github.io/ember-cli-clipboard/"
    },
    "husky": {
      "hooks": {
        "pre-commit": "pretty-quick --staged"
      }
    }
  }

yarn manifest: 
  No manifest

Lockfile: 
  No lockfile
